2016-09-22 08:51:08,223 INFO  [Log] **************************************** 
2016-09-22 08:51:08,224 INFO  [Log] **************************************** 
2016-09-22 08:51:08,224 INFO  [Log] $$$$$$       Framework_001     $$$$$ 
2016-09-22 08:51:08,224 INFO  [Log] **************************************** 
2016-09-22 08:51:08,224 INFO  [Log] **************************************** 
2016-09-22 08:51:09,221 INFO  [Log] Excel sheet opened! 
2016-09-22 08:51:09,221 INFO  [Log] Total number of row used return as 2; 
2016-09-22 08:51:28,221 INFO  [Log] New driver instantiated 
2016-09-22 08:51:28,533 INFO  [Log] Implicit wait applied on the dirver for 10 second 
2016-09-22 08:51:32,917 INFO  [Log] Web application launched successfully 
2016-09-22 08:51:33,012 INFO  [Log] My Account link is found on the home page 
2016-09-22 08:51:33,251 INFO  [Log] Click action is performed on my account link 
2016-09-22 08:51:35,446 INFO  [Log] username text box is found on the Login Page 
2016-09-22 08:51:35,665 INFO  [Log] Password text box is found on the login page 
2016-09-22 08:51:36,397 INFO  [Log] c3qKYLErI*IClnTO is entered in password text box 
2016-09-22 08:51:36,421 INFO  [Log] submit button is found on the login page 
2016-09-22 08:51:36,737 INFO  [Log] Click action is performed on submit button 
2016-09-22 08:51:39,643 INFO  [Log] Log out link element is found 
2016-09-22 08:51:40,075 INFO  [Log] XXXXXXXXXXXXXX    E--N--D   XXXXXX 
2016-09-22 08:51:40,076 INFO  [Log] X 
2016-09-22 08:51:40,076 INFO  [Log] X 
2016-09-22 08:51:40,076 INFO  [Log] X 
2016-09-22 08:51:40,076 INFO  [Log] X 
2016-09-22 10:18:29,160 INFO  [Log] **************************************** 
2016-09-22 10:18:29,161 INFO  [Log] **************************************** 
2016-09-22 10:18:29,162 INFO  [Log] $$$$$$       Framework_001     $$$$$ 
2016-09-22 10:18:29,162 INFO  [Log] **************************************** 
2016-09-22 10:18:29,162 INFO  [Log] **************************************** 
2016-09-22 10:18:29,739 INFO  [Log] Excel sheet opened! 
2016-09-22 10:18:29,740 INFO  [Log] Total number of row used return as 2; 
2016-09-22 10:18:39,894 INFO  [Log] New driver instantiated 
2016-09-22 10:18:39,984 INFO  [Log] Implicit wait applied on the dirver for 10 second 
2016-09-22 10:18:43,769 INFO  [Log] Web application launched successfully 
2016-09-22 10:18:43,910 INFO  [Log] My Account link is found on the home page 
2016-09-22 10:18:44,113 INFO  [Log] Click action is performed on my account link 
2016-09-22 10:18:46,496 INFO  [Log] username text box is found on the Login Page 
2016-09-22 10:18:46,698 INFO  [Log] Password text box is found on the login page 
2016-09-22 10:18:47,349 INFO  [Log] c3qKYLErI*IClnTO is entered in password text box 
2016-09-22 10:18:47,372 INFO  [Log] submit button is found on the login page 
2016-09-22 10:18:47,551 INFO  [Log] Click action is performed on submit button 
2016-09-22 10:18:50,908 INFO  [Log] Log out link element is found 
2016-09-22 10:18:51,721 INFO  [Log] XXXXXXXXXXXXXX    E--N--D   XXXXXX 
2016-09-22 10:18:51,721 INFO  [Log] X 
2016-09-22 10:18:51,721 INFO  [Log] X 
2016-09-22 10:18:51,721 INFO  [Log] X 
2016-09-22 10:18:51,721 INFO  [Log] X 
2016-09-22 10:21:28,713 INFO  [Log] **************************************** 
2016-09-22 10:21:28,714 INFO  [Log] **************************************** 
2016-09-22 10:21:28,714 INFO  [Log] $$$$$$       Framework_001     $$$$$ 
2016-09-22 10:21:28,714 INFO  [Log] **************************************** 
2016-09-22 10:21:28,714 INFO  [Log] **************************************** 
2016-09-22 10:21:29,282 INFO  [Log] Excel sheet opened! 
2016-09-22 10:21:29,283 INFO  [Log] Total number of row used return as 2; 
2016-09-22 10:21:36,963 INFO  [Log] New driver instantiated 
2016-09-22 10:21:37,077 INFO  [Log] Implicit wait applied on the dirver for 10 second 
2016-09-22 10:21:39,302 INFO  [Log] Web application launched successfully 
2016-09-22 10:21:39,388 INFO  [Log] My Account link is found on the home page 
2016-09-22 10:21:39,522 INFO  [Log] Click action is performed on my account link 
2016-09-22 10:21:41,213 INFO  [Log] username text box is found on the Login Page 
2016-09-22 10:21:41,302 INFO  [Log] Password text box is found on the login page 
2016-09-22 10:21:41,866 INFO  [Log] c3qKYLErI*IClnTO is entered in password text box 
2016-09-22 10:21:41,884 INFO  [Log] submit button is found on the login page 
2016-09-22 10:21:42,014 INFO  [Log] Click action is performed on submit button 
2016-09-22 10:21:45,402 INFO  [Log] Log out link element is found 
2016-09-22 10:21:45,765 INFO  [Log] XXXXXXXXXXXXXX    E--N--D   XXXXXX 
2016-09-22 10:21:45,765 INFO  [Log] X 
2016-09-22 10:21:45,765 INFO  [Log] X 
2016-09-22 10:21:45,765 INFO  [Log] X 
2016-09-22 10:21:45,765 INFO  [Log] X 
2016-09-22 10:33:03,535 INFO  [Log] **************************************** 
2016-09-22 10:33:03,536 INFO  [Log] **************************************** 
2016-09-22 10:33:03,536 INFO  [Log] $$$$$$       Framework_001     $$$$$ 
2016-09-22 10:33:03,536 INFO  [Log] **************************************** 
2016-09-22 10:33:03,536 INFO  [Log] **************************************** 
2016-09-22 10:33:04,108 INFO  [Log] Excel sheet opened! 
2016-09-22 10:33:04,109 INFO  [Log] Total number of row used return as 2; 
2016-09-22 10:33:10,744 INFO  [Log] New driver instantiated 
2016-09-22 10:33:10,930 INFO  [Log] Implicit wait applied on the dirver for 10 second 
2016-09-22 10:33:13,203 INFO  [Log] Web application launched successfully 
2016-09-22 10:33:13,301 INFO  [Log] My Account link is found on the home page 
2016-09-22 10:33:13,418 INFO  [Log] Click action is performed on my account link 
2016-09-22 10:33:15,231 INFO  [Log] username text box is found on the Login Page 
2016-09-22 10:33:15,325 INFO  [Log] Password text box is found on the login page 
2016-09-22 10:33:15,416 INFO  [Log] c3qKYLErI*IClnTO is entered in password text box 
2016-09-22 10:33:15,433 INFO  [Log] submit button is found on the login page 
2016-09-22 10:33:15,997 INFO  [Log] Click action is performed on submit button 
2016-09-22 10:33:19,031 INFO  [Log] Log out link element is found 
2016-09-22 10:33:19,545 INFO  [Log] XXXXXXXXXXXXXX    E--N--D   XXXXXX 
2016-09-22 10:33:19,545 INFO  [Log] X 
2016-09-22 10:33:19,546 INFO  [Log] X 
2016-09-22 10:33:19,546 INFO  [Log] X 
2016-09-22 10:33:19,546 INFO  [Log] X 
2016-09-22 10:42:10,077 INFO  [Log] **************************************** 
2016-09-22 10:42:10,078 INFO  [Log] **************************************** 
2016-09-22 10:42:10,078 INFO  [Log] $$$$$$       Framework_001     $$$$$ 
2016-09-22 10:42:10,078 INFO  [Log] **************************************** 
2016-09-22 10:42:10,078 INFO  [Log] **************************************** 
2016-09-22 10:42:10,660 INFO  [Log] Excel sheet opened! 
2016-09-22 10:42:10,661 INFO  [Log] Total number of row used return as 2; 
2016-09-22 10:42:18,270 INFO  [Log] New driver instantiated 
2016-09-22 10:42:18,293 INFO  [Log] Implicit wait applied on the dirver for 10 second 
2016-09-22 10:42:20,594 INFO  [Log] Web application launched successfully 
2016-09-22 10:42:20,678 INFO  [Log] My Account link is found on the home page 
2016-09-22 10:42:20,817 INFO  [Log] Click action is performed on my account link 
2016-09-22 10:42:23,576 INFO  [Log] username text box is found on the Login Page 
2016-09-22 10:42:23,659 INFO  [Log] Password text box is found on the login page 
2016-09-22 10:42:24,332 INFO  [Log] c3qKYLErI*IClnTO is entered in password text box 
2016-09-22 10:42:24,358 INFO  [Log] submit button is found on the login page 
2016-09-22 10:42:26,446 INFO  [Log] Click action is performed on submit button 
2016-09-22 10:42:29,819 INFO  [Log] Log out link element is found 
2016-09-22 10:42:30,183 INFO  [Log] XXXXXXXXXXXXXX    E--N--D   XXXXXX 
2016-09-22 10:42:30,183 INFO  [Log] X 
2016-09-22 10:42:30,183 INFO  [Log] X 
2016-09-22 10:42:30,183 INFO  [Log] X 
2016-09-22 10:42:30,183 INFO  [Log] X 
2016-09-22 10:53:47,918 INFO  [Log] **************************************** 
2016-09-22 10:53:47,919 INFO  [Log] **************************************** 
2016-09-22 10:53:47,919 INFO  [Log] $$$$$$       Framework_001     $$$$$ 
2016-09-22 10:53:47,919 INFO  [Log] **************************************** 
2016-09-22 10:53:47,919 INFO  [Log] **************************************** 
2016-09-22 10:53:48,493 INFO  [Log] Excel sheet opened! 
2016-09-22 10:53:48,494 INFO  [Log] Total number of row used return as 2; 
2016-09-22 10:53:58,738 INFO  [Log] New driver instantiated 
2016-09-22 10:53:58,758 INFO  [Log] Implicit wait applied on the dirver for 10 second 
2016-09-22 10:54:02,632 INFO  [Log] Web application launched successfully 
2016-09-22 10:54:02,740 INFO  [Log] My Account link is found on the home page 
2016-09-22 10:54:03,048 INFO  [Log] Click action is performed on my account link 
2016-09-22 10:54:05,338 INFO  [Log] username text box is found on the Login Page 
2016-09-22 10:54:05,442 INFO  [Log] Password text box is found on the login page 
2016-09-22 10:54:05,535 INFO  [Log] c3qKYLErI*IClnTO is entered in password text box 
2016-09-22 10:54:05,561 INFO  [Log] submit button is found on the login page 
2016-09-22 10:54:06,105 INFO  [Log] Click action is performed on submit button 
2016-09-22 10:54:08,480 INFO  [Log] Log out link element is found 
2016-09-22 10:54:08,827 INFO  [Log] XXXXXXXXXXXXXX    E--N--D   XXXXXX 
2016-09-22 10:54:08,827 INFO  [Log] X 
2016-09-22 10:54:08,827 INFO  [Log] X 
2016-09-22 10:54:08,827 INFO  [Log] X 
2016-09-22 10:54:08,827 INFO  [Log] X 
2016-09-22 10:57:04,093 INFO  [Log] **************************************** 
2016-09-22 10:57:04,093 INFO  [Log] **************************************** 
2016-09-22 10:57:04,093 INFO  [Log] $$$$$$       Framework_001     $$$$$ 
2016-09-22 10:57:04,094 INFO  [Log] **************************************** 
2016-09-22 10:57:04,094 INFO  [Log] **************************************** 
2016-09-22 10:57:04,624 INFO  [Log] Excel sheet opened! 
2016-09-22 10:57:04,625 INFO  [Log] Total number of row used return as 2; 
2016-09-22 10:57:12,219 INFO  [Log] New driver instantiated 
2016-09-22 10:57:12,239 INFO  [Log] Implicit wait applied on the dirver for 10 second 
2016-09-22 10:57:14,670 INFO  [Log] Web application launched successfully 
2016-09-22 10:57:14,800 INFO  [Log] My Account link is found on the home page 
2016-09-22 10:57:15,045 INFO  [Log] Click action is performed on my account link 
2016-09-22 10:57:18,419 INFO  [Log] username text box is found on the Login Page 
2016-09-22 10:57:18,657 INFO  [Log] Password text box is found on the login page 
2016-09-22 10:57:19,249 INFO  [Log] c3qKYLErI*IClnTO is entered in password text box 
2016-09-22 10:57:19,268 INFO  [Log] submit button is found on the login page 
2016-09-22 10:57:19,409 INFO  [Log] Click action is performed on submit button 
2016-09-22 10:57:26,321 INFO  [Log] Log out link element is found 
2016-09-22 10:57:27,003 INFO  [Log] XXXXXXXXXXXXXX    E--N--D   XXXXXX 
2016-09-22 10:57:27,003 INFO  [Log] X 
2016-09-22 10:57:27,003 INFO  [Log] X 
2016-09-22 10:57:27,003 INFO  [Log] X 
2016-09-22 10:57:27,003 INFO  [Log] X 
2016-09-22 10:58:47,257 INFO  [Log] **************************************** 
2016-09-22 10:58:47,258 INFO  [Log] **************************************** 
2016-09-22 10:58:47,258 INFO  [Log] $$$$$$       Framework_001     $$$$$ 
2016-09-22 10:58:47,258 INFO  [Log] **************************************** 
2016-09-22 10:58:47,258 INFO  [Log] **************************************** 
2016-09-22 10:58:47,851 INFO  [Log] Excel sheet opened! 
2016-09-22 10:58:47,852 INFO  [Log] Total number of row used return as 2; 
2016-09-22 10:58:54,474 INFO  [Log] New driver instantiated 
2016-09-22 10:58:54,500 INFO  [Log] Implicit wait applied on the dirver for 10 second 
2016-09-22 10:58:56,723 INFO  [Log] Web application launched successfully 
2016-09-22 10:58:56,813 INFO  [Log] My Account link is found on the home page 
2016-09-22 10:58:56,936 INFO  [Log] Click action is performed on my account link 
2016-09-22 10:58:59,629 INFO  [Log] username text box is found on the Login Page 
2016-09-22 10:58:59,746 INFO  [Log] Password text box is found on the login page 
2016-09-22 10:58:59,837 INFO  [Log] c3qKYLErI*IClnTO is entered in password text box 
2016-09-22 10:58:59,855 INFO  [Log] submit button is found on the login page 
2016-09-22 10:59:00,521 INFO  [Log] Click action is performed on submit button 
2016-09-22 10:59:02,818 INFO  [Log] Log out link element is found 
2016-09-22 10:59:03,232 INFO  [Log] XXXXXXXXXXXXXX    E--N--D   XXXXXX 
2016-09-22 10:59:03,232 INFO  [Log] X 
2016-09-22 10:59:03,232 INFO  [Log] X 
2016-09-22 10:59:03,232 INFO  [Log] X 
2016-09-22 10:59:03,232 INFO  [Log] X 
2016-09-22 12:11:59,731 INFO  [Log] **************************************** 
2016-09-22 12:11:59,732 INFO  [Log] **************************************** 
2016-09-22 12:11:59,732 INFO  [Log] $$$$$$       Framework_001     $$$$$ 
2016-09-22 12:11:59,732 INFO  [Log] **************************************** 
2016-09-22 12:11:59,732 INFO  [Log] **************************************** 
2016-09-22 12:12:00,293 INFO  [Log] Excel sheet opened! 
2016-09-22 12:12:00,293 INFO  [Log] Total number of row used return as 2; 
2016-09-22 12:12:07,367 INFO  [Log] New driver instantiated 
2016-09-22 12:12:07,660 INFO  [Log] Implicit wait applied on the dirver for 10 second 
2016-09-22 12:12:10,605 INFO  [Log] Web application launched successfully 
2016-09-22 12:12:10,732 INFO  [Log] My Account link is found on the home page 
2016-09-22 12:12:10,848 INFO  [Log] Click action is performed on my account link 
2016-09-22 12:12:13,290 INFO  [Log] username text box is found on the Login Page 
2016-09-22 12:12:14,030 INFO  [Log] Password text box is found on the login page 
2016-09-22 12:12:14,143 INFO  [Log] c3qKYLErI*IClnTO is entered in password text box 
2016-09-22 12:12:14,163 INFO  [Log] submit button is found on the login page 
2016-09-22 12:12:14,385 INFO  [Log] Click action is performed on submit button 
2016-09-22 12:12:17,201 INFO  [Log] Log out link element is found 
2016-09-22 12:12:17,726 INFO  [Log] XXXXXXXXXXXXXX    E--N--D   XXXXXX 
2016-09-22 12:12:17,726 INFO  [Log] X 
2016-09-22 12:12:17,726 INFO  [Log] X 
2016-09-22 12:12:17,726 INFO  [Log] X 
2016-09-22 12:12:17,726 INFO  [Log] X 
2016-09-22 12:31:14,834 INFO  [Log] **************************************** 
2016-09-22 12:31:14,835 INFO  [Log] **************************************** 
2016-09-22 12:31:14,835 INFO  [Log] $$$$$$       Framework_001     $$$$$ 
2016-09-22 12:31:14,835 INFO  [Log] **************************************** 
2016-09-22 12:31:14,835 INFO  [Log] **************************************** 
2016-09-22 12:31:15,485 INFO  [Log] Excel sheet opened! 
2016-09-22 12:31:15,486 INFO  [Log] Total number of row used return as 2; 
2016-09-22 12:31:23,586 INFO  [Log] New driver instantiated 
2016-09-22 12:31:23,612 INFO  [Log] Implicit wait applied on the dirver for 10 second 
2016-09-22 12:31:27,362 INFO  [Log] Web application launched successfully 
2016-09-22 12:31:27,426 INFO  [Log] My Account link is found on the home page 
2016-09-22 12:31:27,539 INFO  [Log] Click action is performed on my account link 
2016-09-22 12:31:29,790 INFO  [Log] username text box is found on the Login Page 
2016-09-22 12:31:30,009 INFO  [Log] Password text box is found on the login page 
2016-09-22 12:31:30,566 INFO  [Log] c3qKYLErI*IClnTO is entered in password text box 
2016-09-22 12:31:30,584 INFO  [Log] submit button is found on the login page 
2016-09-22 12:31:30,724 INFO  [Log] Click action is performed on submit button 
2016-09-22 12:31:34,514 INFO  [Log] Log out link element is found 
2016-09-22 12:31:34,951 INFO  [Log] XXXXXXXXXXXXXX    E--N--D   XXXXXX 
2016-09-22 12:31:34,951 INFO  [Log] X 
2016-09-22 12:31:34,951 INFO  [Log] X 
2016-09-22 12:31:34,951 INFO  [Log] X 
2016-09-22 12:31:34,951 INFO  [Log] X 
2016-09-22 12:57:16,593 INFO  [Log] **************************************** 
2016-09-22 12:57:16,594 INFO  [Log] **************************************** 
2016-09-22 12:57:16,594 INFO  [Log] $$$$$$       Framework_001     $$$$$ 
2016-09-22 12:57:16,594 INFO  [Log] **************************************** 
2016-09-22 12:57:16,594 INFO  [Log] **************************************** 
2016-09-22 12:57:17,179 INFO  [Log] Excel sheet opened! 
2016-09-22 12:57:17,180 INFO  [Log] Total number of row used return as 2; 
2016-09-22 12:57:24,934 INFO  [Log] New driver instantiated 
2016-09-22 12:57:25,008 INFO  [Log] Implicit wait applied on the dirver for 10 second 
2016-09-22 12:57:27,500 INFO  [Log] Web application launched successfully 
2016-09-22 12:57:27,561 INFO  [Log] My Account link is found on the home page 
2016-09-22 12:57:27,743 INFO  [Log] Click action is performed on my account link 
2016-09-22 12:57:29,753 INFO  [Log] username text box is found on the Login Page 
2016-09-22 12:57:29,843 INFO  [Log] Password text box is found on the login page 
2016-09-22 12:57:29,936 INFO  [Log] c3qKYLErI*IClnTO is entered in password text box 
2016-09-22 12:57:29,954 INFO  [Log] submit button is found on the login page 
2016-09-22 12:57:30,582 INFO  [Log] Click action is performed on submit button 
2016-09-22 12:57:33,363 INFO  [Log] Log out link element is found 
2016-09-22 12:57:33,784 INFO  [Log] XXXXXXXXXXXXXX    E--N--D   XXXXXX 
2016-09-22 12:57:33,784 INFO  [Log] X 
2016-09-22 12:57:33,785 INFO  [Log] X 
2016-09-22 12:57:33,785 INFO  [Log] X 
2016-09-22 12:57:33,785 INFO  [Log] X 
2016-09-22 13:59:06,758 INFO  [Log] **************************************** 
2016-09-22 13:59:06,758 INFO  [Log] **************************************** 
2016-09-22 13:59:06,759 INFO  [Log] $$$$$$       Framework_001     $$$$$ 
2016-09-22 13:59:06,759 INFO  [Log] **************************************** 
2016-09-22 13:59:06,759 INFO  [Log] **************************************** 
2016-09-22 13:59:07,345 INFO  [Log] Excel sheet opened! 
2016-09-22 13:59:07,346 INFO  [Log] Total number of row used return as 2; 
2016-09-22 13:59:15,003 INFO  [Log] New driver instantiated 
2016-09-22 13:59:15,123 INFO  [Log] Implicit wait applied on the dirver for 10 second 
2016-09-22 13:59:17,894 INFO  [Log] Web application launched successfully 
2016-09-22 13:59:17,971 INFO  [Log] My Account link is found on the home page 
2016-09-22 13:59:18,133 INFO  [Log] Click action is performed on my account link 
2016-09-22 13:59:20,816 INFO  [Log] username text box is found on the Login Page 
2016-09-22 13:59:21,397 INFO  [Log] Password text box is found on the login page 
2016-09-22 13:59:21,558 INFO  [Log] c3qKYLErI*IClnTO is entered in password text box 
2016-09-22 13:59:21,575 INFO  [Log] submit button is found on the login page 
2016-09-22 13:59:21,735 INFO  [Log] Click action is performed on submit button 
2016-09-22 13:59:25,233 INFO  [Log] Log out link element is found 
2016-09-22 13:59:25,712 INFO  [Log] XXXXXXXXXXXXXX    E--N--D   XXXXXX 
2016-09-22 13:59:25,712 INFO  [Log] X 
2016-09-22 13:59:25,712 INFO  [Log] X 
2016-09-22 13:59:25,712 INFO  [Log] X 
2016-09-22 13:59:25,712 INFO  [Log] X 
2016-09-22 14:14:20,816 INFO  [Log] **************************************** 
2016-09-22 14:14:20,817 INFO  [Log] **************************************** 
2016-09-22 14:14:20,817 INFO  [Log] $$$$$$       Framework_001     $$$$$ 
2016-09-22 14:14:20,817 INFO  [Log] **************************************** 
2016-09-22 14:14:20,817 INFO  [Log] **************************************** 
2016-09-22 14:14:21,406 INFO  [Log] Excel sheet opened! 
2016-09-22 14:14:21,407 INFO  [Log] Total number of row used return as 2; 
2016-09-22 14:14:29,225 INFO  [Log] New driver instantiated 
2016-09-22 14:14:29,250 INFO  [Log] Implicit wait applied on the dirver for 10 second 
2016-09-22 14:14:31,529 INFO  [Log] Web application launched successfully 
2016-09-22 14:14:31,592 INFO  [Log] My Account link is found on the home page 
2016-09-22 14:14:31,700 INFO  [Log] Click action is performed on my account link 
2016-09-22 14:14:33,529 INFO  [Log] username text box is found on the Login Page 
2016-09-22 14:14:33,615 INFO  [Log] Password text box is found on the login page 
2016-09-22 14:14:33,705 INFO  [Log] c3qKYLErI*IClnTO is entered in password text box 
2016-09-22 14:14:33,722 INFO  [Log] submit button is found on the login page 
2016-09-22 14:14:34,263 INFO  [Log] Click action is performed on submit button 
2016-09-22 14:14:36,747 INFO  [Log] Log out link element is found 
2016-09-22 14:14:37,246 INFO  [Log] XXXXXXXXXXXXXX    E--N--D   XXXXXX 
2016-09-22 14:14:37,246 INFO  [Log] X 
2016-09-22 14:14:37,246 INFO  [Log] X 
2016-09-22 14:14:37,246 INFO  [Log] X 
2016-09-22 14:14:37,246 INFO  [Log] X 
2016-09-22 14:15:00,918 INFO  [Log] **************************************** 
2016-09-22 14:15:00,919 INFO  [Log] **************************************** 
2016-09-22 14:15:00,919 INFO  [Log] $$$$$$       Framework_001     $$$$$ 
2016-09-22 14:15:00,919 INFO  [Log] **************************************** 
2016-09-22 14:15:00,919 INFO  [Log] **************************************** 
2016-09-22 14:15:01,392 INFO  [Log] Excel sheet opened! 
2016-09-22 14:15:01,392 INFO  [Log] Total number of row used return as 2; 
2016-09-22 14:15:08,546 INFO  [Log] New driver instantiated 
2016-09-22 14:15:08,657 INFO  [Log] Implicit wait applied on the dirver for 10 second 
2016-09-22 14:15:10,844 INFO  [Log] Web application launched successfully 
2016-09-22 14:15:10,916 INFO  [Log] My Account link is found on the home page 
2016-09-22 14:15:11,039 INFO  [Log] Click action is performed on my account link 
2016-09-22 14:15:13,043 INFO  [Log] username text box is found on the Login Page 
2016-09-22 14:15:13,134 INFO  [Log] Password text box is found on the login page 
2016-09-22 14:15:13,226 INFO  [Log] c3qKYLErI*IClnTO is entered in password text box 
2016-09-22 14:15:13,247 INFO  [Log] submit button is found on the login page 
2016-09-22 14:15:13,856 INFO  [Log] Click action is performed on submit button 
2016-09-22 14:15:17,535 INFO  [Log] Log out link element is found 
2016-09-22 14:15:18,562 INFO  [Log] XXXXXXXXXXXXXX    E--N--D   XXXXXX 
2016-09-22 14:15:18,562 INFO  [Log] X 
2016-09-22 14:15:18,562 INFO  [Log] X 
2016-09-22 14:15:18,563 INFO  [Log] X 
2016-09-22 14:15:18,563 INFO  [Log] X 
